#! /usr/bin/vvp
:ivl_version "11.0 (stable)";
:ivl_delay_selection "TYPICAL";
:vpi_time_precision + 0;
:vpi_module "/usr/lib/x86_64-linux-gnu/ivl/system.vpi";
:vpi_module "/usr/lib/x86_64-linux-gnu/ivl/vhdl_sys.vpi";
:vpi_module "/usr/lib/x86_64-linux-gnu/ivl/vhdl_textio.vpi";
:vpi_module "/usr/lib/x86_64-linux-gnu/ivl/v2005_math.vpi";
:vpi_module "/usr/lib/x86_64-linux-gnu/ivl/va_math.vpi";
S_0x55f12993cf70 .scope module, "dataMem" "dataMem" 2 1;
 .timescale 0 0;
    .port_info 0 /INPUT 1 "reset";
    .port_info 1 /INPUT 1 "clock";
    .port_info 2 /INPUT 1 "memWrite";
    .port_info 3 /INPUT 1 "memRead";
    .port_info 4 /INPUT 32 "address";
    .port_info 5 /INPUT 32 "dataWrite";
    .port_info 6 /OUTPUT 32 "dataRead";
L_0x7f33b944f018 .functor BUFT 1, C4<00000000000000000000000000000000>, C4<0>, C4<0>, C4<0>;
v0x55f12993d1b0_0 .net/2u *"_ivl_0", 31 0, L_0x7f33b944f018;  1 drivers
v0x55f129961480_0 .net *"_ivl_2", 31 0, L_0x55f129971dc0;  1 drivers
o0x7f33b9498078 .functor BUFZ 32, C4<zzzzzzzzzzzzzzzzzzzzzzzzzzzzzzzz>; HiZ drive
v0x55f129961560_0 .net "address", 31 0, o0x7f33b9498078;  0 drivers
o0x7f33b94980a8 .functor BUFZ 1, C4<z>; HiZ drive
v0x55f129961620_0 .net "clock", 0 0, o0x7f33b94980a8;  0 drivers
v0x55f1299616e0_0 .net "dataRead", 31 0, L_0x55f129971ee0;  1 drivers
o0x7f33b9498108 .functor BUFZ 32, C4<zzzzzzzzzzzzzzzzzzzzzzzzzzzzzzzz>; HiZ drive
v0x55f129961810_0 .net "dataWrite", 31 0, o0x7f33b9498108;  0 drivers
v0x55f1299618f0_0 .var/i "i", 31 0;
o0x7f33b9498168 .functor BUFZ 1, C4<z>; HiZ drive
v0x55f1299619d0_0 .net "memRead", 0 0, o0x7f33b9498168;  0 drivers
o0x7f33b9498198 .functor BUFZ 1, C4<z>; HiZ drive
v0x55f129961a90_0 .net "memWrite", 0 0, o0x7f33b9498198;  0 drivers
v0x55f129961b50 .array "memory", 0 1023, 31 0;
o0x7f33b94981c8 .functor BUFZ 1, C4<z>; HiZ drive
v0x55f129961c10_0 .net "reset", 0 0, o0x7f33b94981c8;  0 drivers
E_0x55f129916700 .event posedge, v0x55f129961620_0;
L_0x55f129971dc0 .array/port v0x55f129961b50, o0x7f33b9498078;
L_0x55f129971ee0 .functor MUXZ 32, L_0x55f129971dc0, L_0x7f33b944f018, o0x7f33b94981c8, C4<>;
    .scope S_0x55f12993cf70;
T_0 ;
    %wait E_0x55f129916700;
    %load/vec4 v0x55f129961a90_0;
    %flag_set/vec4 8;
    %jmp/0xz  T_0.0, 8;
    %load/vec4 v0x55f129961810_0;
    %ix/getv 3, v0x55f129961560_0;
    %ix/load 4, 0, 0; Constant delay
    %assign/vec4/a/d v0x55f129961b50, 0, 4;
T_0.0 ;
    %jmp T_0;
    .thread T_0;
    .scope S_0x55f12993cf70;
T_1 ;
    %pushi/vec4 0, 0, 32;
    %store/vec4 v0x55f1299618f0_0, 0, 32;
T_1.0 ;
    %load/vec4 v0x55f1299618f0_0;
    %cmpi/s 1023, 0, 32;
    %jmp/0xz T_1.1, 5;
    %pushi/vec4 1, 0, 32;
    %load/vec4 v0x55f1299618f0_0;
    %muli 4, 0, 32;
    %add;
    %ix/getv/s 4, v0x55f1299618f0_0;
    %store/vec4a v0x55f129961b50, 4, 0;
    %load/vec4 v0x55f1299618f0_0;
    %addi 1, 0, 32;
    %store/vec4 v0x55f1299618f0_0, 0, 32;
    %jmp T_1.0;
T_1.1 ;
    %end;
    .thread T_1;
# The file index is used to find the file name in the following table.
:file_names 3;
    "N/A";
    "<interactive>";
    "dataMem.v";
