#! /usr/bin/vvp
:ivl_version "11.0 (stable)";
:ivl_delay_selection "TYPICAL";
:vpi_time_precision + 0;
:vpi_module "/usr/lib/x86_64-linux-gnu/ivl/system.vpi";
:vpi_module "/usr/lib/x86_64-linux-gnu/ivl/vhdl_sys.vpi";
:vpi_module "/usr/lib/x86_64-linux-gnu/ivl/vhdl_textio.vpi";
:vpi_module "/usr/lib/x86_64-linux-gnu/ivl/v2005_math.vpi";
:vpi_module "/usr/lib/x86_64-linux-gnu/ivl/va_math.vpi";
S_0x55751e475d90 .scope module, "immGen" "immGen" 2 1;
 .timescale 0 0;
    .port_info 0 /INPUT 32 "inst";
    .port_info 1 /OUTPUT 32 "GenOut";
v0x55751e4777b0_0 .var "GenOut", 31 0;
o0x7f6a1a055048 .functor BUFZ 32, C4<zzzzzzzzzzzzzzzzzzzzzzzzzzzzzzzz>; HiZ drive
v0x55751e477ba0_0 .net "inst", 31 0, o0x7f6a1a055048;  0 drivers
E_0x55751e4768a0 .event edge, v0x55751e477ba0_0;
    .scope S_0x55751e475d90;
T_0 ;
    %wait E_0x55751e4768a0;
    %load/vec4 v0x55751e477ba0_0;
    %parti/s 7, 0, 2;
    %cmpi/e 35, 0, 7;
    %jmp/0xz  T_0.0, 4;
    %load/vec4 v0x55751e477ba0_0;
    %parti/s 1, 31, 6;
    %cmpi/e 1, 0, 1;
    %flag_mov 8, 4;
    %jmp/0 T_0.2, 8;
    %pushi/vec4 1048575, 0, 20;
    %load/vec4 v0x55751e477ba0_0;
    %parti/s 7, 25, 6;
    %concat/vec4; draw_concat_vec4
    %load/vec4 v0x55751e477ba0_0;
    %parti/s 5, 7, 4;
    %concat/vec4; draw_concat_vec4
    %jmp/1 T_0.3, 8;
T_0.2 ; End of true expr.
    %pushi/vec4 0, 0, 20;
    %load/vec4 v0x55751e477ba0_0;
    %parti/s 7, 25, 6;
    %concat/vec4; draw_concat_vec4
    %load/vec4 v0x55751e477ba0_0;
    %parti/s 5, 7, 4;
    %concat/vec4; draw_concat_vec4
    %jmp/0 T_0.3, 8;
 ; End of false expr.
    %blend;
T_0.3;
    %store/vec4 v0x55751e4777b0_0, 0, 32;
    %jmp T_0.1;
T_0.0 ;
    %load/vec4 v0x55751e477ba0_0;
    %parti/s 7, 0, 2;
    %cmpi/e 3, 0, 7;
    %jmp/0xz  T_0.4, 4;
    %load/vec4 v0x55751e477ba0_0;
    %parti/s 1, 31, 6;
    %cmpi/e 1, 0, 1;
    %flag_mov 8, 4;
    %jmp/0 T_0.6, 8;
    %pushi/vec4 1048575, 0, 20;
    %load/vec4 v0x55751e477ba0_0;
    %parti/s 12, 20, 6;
    %concat/vec4; draw_concat_vec4
    %jmp/1 T_0.7, 8;
T_0.6 ; End of true expr.
    %pushi/vec4 0, 0, 20;
    %load/vec4 v0x55751e477ba0_0;
    %parti/s 12, 20, 6;
    %concat/vec4; draw_concat_vec4
    %jmp/0 T_0.7, 8;
 ; End of false expr.
    %blend;
T_0.7;
    %store/vec4 v0x55751e4777b0_0, 0, 32;
    %jmp T_0.5;
T_0.4 ;
    %load/vec4 v0x55751e477ba0_0;
    %parti/s 7, 0, 2;
    %cmpi/e 99, 0, 7;
    %jmp/0xz  T_0.8, 4;
    %load/vec4 v0x55751e477ba0_0;
    %parti/s 1, 31, 6;
    %cmpi/e 1, 0, 1;
    %flag_mov 8, 4;
    %jmp/0 T_0.10, 8;
    %pushi/vec4 2097151, 0, 21;
    %load/vec4 v0x55751e477ba0_0;
    %parti/s 1, 31, 6;
    %concat/vec4; draw_concat_vec4
    %load/vec4 v0x55751e477ba0_0;
    %parti/s 1, 7, 4;
    %concat/vec4; draw_concat_vec4
    %load/vec4 v0x55751e477ba0_0;
    %parti/s 6, 25, 6;
    %concat/vec4; draw_concat_vec4
    %load/vec4 v0x55751e477ba0_0;
    %parti/s 4, 8, 5;
    %concat/vec4; draw_concat_vec4
    %concati/vec4 0, 0, 1;
    %jmp/1 T_0.11, 8;
T_0.10 ; End of true expr.
    %pushi/vec4 0, 0, 21;
    %load/vec4 v0x55751e477ba0_0;
    %parti/s 1, 31, 6;
    %concat/vec4; draw_concat_vec4
    %load/vec4 v0x55751e477ba0_0;
    %parti/s 1, 7, 4;
    %concat/vec4; draw_concat_vec4
    %load/vec4 v0x55751e477ba0_0;
    %parti/s 6, 25, 6;
    %concat/vec4; draw_concat_vec4
    %load/vec4 v0x55751e477ba0_0;
    %parti/s 4, 8, 5;
    %concat/vec4; draw_concat_vec4
    %concati/vec4 0, 0, 1;
    %jmp/0 T_0.11, 8;
 ; End of false expr.
    %blend;
T_0.11;
    %pad/u 32;
    %store/vec4 v0x55751e4777b0_0, 0, 32;
    %jmp T_0.9;
T_0.8 ;
    %load/vec4 v0x55751e477ba0_0;
    %parti/s 7, 0, 2;
    %cmpi/e 111, 0, 7;
    %jmp/0xz  T_0.12, 4;
    %load/vec4 v0x55751e477ba0_0;
    %parti/s 1, 31, 6;
    %cmpi/e 1, 0, 1;
    %flag_mov 8, 4;
    %jmp/0 T_0.14, 8;
    %pushi/vec4 2047, 0, 11;
    %load/vec4 v0x55751e477ba0_0;
    %parti/s 1, 31, 6;
    %concat/vec4; draw_concat_vec4
    %load/vec4 v0x55751e477ba0_0;
    %parti/s 8, 12, 5;
    %concat/vec4; draw_concat_vec4
    %load/vec4 v0x55751e477ba0_0;
    %parti/s 1, 20, 6;
    %concat/vec4; draw_concat_vec4
    %load/vec4 v0x55751e477ba0_0;
    %parti/s 11, 20, 6;
    %concat/vec4; draw_concat_vec4
    %concati/vec4 0, 0, 1;
    %jmp/1 T_0.15, 8;
T_0.14 ; End of true expr.
    %pushi/vec4 0, 0, 11;
    %load/vec4 v0x55751e477ba0_0;
    %parti/s 1, 31, 6;
    %concat/vec4; draw_concat_vec4
    %load/vec4 v0x55751e477ba0_0;
    %parti/s 8, 12, 5;
    %concat/vec4; draw_concat_vec4
    %load/vec4 v0x55751e477ba0_0;
    %parti/s 1, 20, 6;
    %concat/vec4; draw_concat_vec4
    %load/vec4 v0x55751e477ba0_0;
    %parti/s 11, 20, 6;
    %concat/vec4; draw_concat_vec4
    %concati/vec4 0, 0, 1;
    %jmp/0 T_0.15, 8;
 ; End of false expr.
    %blend;
T_0.15;
    %pad/u 32;
    %store/vec4 v0x55751e4777b0_0, 0, 32;
    %jmp T_0.13;
T_0.12 ;
    %load/vec4 v0x55751e477ba0_0;
    %parti/s 7, 0, 2;
    %cmpi/e 55, 0, 7;
    %jmp/0xz  T_0.16, 4;
    %load/vec4 v0x55751e477ba0_0;
    %parti/s 20, 12, 5;
    %concati/vec4 0, 0, 12;
    %store/vec4 v0x55751e4777b0_0, 0, 32;
T_0.16 ;
T_0.13 ;
T_0.9 ;
T_0.5 ;
T_0.1 ;
    %jmp T_0;
    .thread T_0, $push;
# The file index is used to find the file name in the following table.
:file_names 3;
    "N/A";
    "<interactive>";
    "immGen.v";
